<?xml version="1.0" encoding="UTF-8"?>
<beans xmlns="http://www.springframework.org/schema/beans" xmlns:xsi="http://www.w3.org/2001/XMLSchema-instance" xmlns:p="http://www.springframework.org/schema/p"
	xsi:schemaLocation="http://www.springframework.org/schema/beans http://www.springframework.org/schema/beans/spring-beans-3.0.xsd">
	<!-- source de donnÃ©es HSQLDB -->


  <bean
        id="dataSource"
        class="org.apache.commons.dbcp.BasicDataSource"
        destroy-method="close" >
   	<property name="driverClassName" value="com.microsoft.sqlserver.jdbc.SQLServerDriver" />
		<property name="url" value="jdbc:sqlserver://10.33.31.145;databaseName=${db-test}" />
<!-- <property name="url" value="jdbc:sqlserver://192.168.0.129;databaseName=${db-test}" />
 -->			<property name="username" value="${db-test}" />
		<property name="password" value="sqlitlse" />
    </bean>
    <bean
        id="dataSourceAdmin"
        class="org.apache.commons.dbcp.BasicDataSource"
        destroy-method="close" >
        <property name="driverClassName" value="com.microsoft.sqlserver.jdbc.SQLServerDriver" />
		<property name="url" value="jdbc:sqlserver://10.33.31.145;databaseName=${db-test}" />
<!-- 	<property name="url" value="jdbc:sqlserver://192.168.0.129;databaseName=${db-test}" />
 -->	
 		<property name="username" value="sa" />
		<property name="password" value="sqlitlse" />
    </bean>

</beans>